2024-08-19 14:41:12,390 [Worker-5: Loading available Gradle versions] INFO  o.e.b.c.i.u.g.PublishedGradleVersions - Gradle version information cache is up-to-date. Trying to read.
2024-08-19 14:41:38,112 [ModalContext] INFO  o.e.m.c.i.e.AbstractTransferListenerAdapter - Downloading https://repo.maven.apache.org/maven2/com/haoxuer/maven/archetype/maven-archetype-webapp/1.01/maven-archetype-webapp-1.01.pom
2024-08-19 14:41:38,117 [ModalContext] INFO  o.e.m.c.i.e.AbstractTransferListenerAdapter - Downloaded https://repo.maven.apache.org/maven2/com/haoxuer/maven/archetype/maven-archetype-webapp/1.01/maven-archetype-webapp-1.01.pom
2024-08-19 14:41:38,363 [ModalContext] INFO  o.e.m.c.i.e.AbstractTransferListenerAdapter - Downloaded https://repo.maven.apache.org/maven2/com/haoxuer/maven/archetype/maven-archetype-bundles/1.01/maven-archetype-bundles-1.01.pom
2024-08-19 14:42:19,765 [Worker-120: Launching mavenrun-6ddb70d5-db22-40d1-aad3-a81d5c4b6a8f] INFO  o.eclipse.m2e.core.internal.Bundles - getClasspathEntries(Bundle=org.eclipse.m2e.maven.runtime_3.9.500.20231113-2345 [628])
2024-08-19 14:42:19,765 [Worker-120: Launching mavenrun-6ddb70d5-db22-40d1-aad3-a81d5c4b6a8f] INFO  o.eclipse.m2e.core.internal.Bundles - 	Entry: C:\Users\ict03_013\.p2\pool\plugins\org.eclipse.m2e.maven.runtime_3.9.500.20231113-2345
2024-08-19 14:42:19,765 [Worker-120: Launching mavenrun-6ddb70d5-db22-40d1-aad3-a81d5c4b6a8f] INFO  o.eclipse.m2e.core.internal.Bundles - 	Entry: C:\Users\ict03_013\.p2\pool\plugins\org.eclipse.m2e.maven.runtime_3.9.500.20231113-2345\jars\aopalliance-1.0.jar
2024-08-19 14:42:19,765 [Worker-120: Launching mavenrun-6ddb70d5-db22-40d1-aad3-a81d5c4b6a8f] INFO  o.eclipse.m2e.core.internal.Bundles - 	Entry: C:\Users\ict03_013\.p2\pool\plugins\org.eclipse.m2e.maven.runtime_3.9.500.20231113-2345\jars\guice-5.1.0.jar
2024-08-19 14:42:19,765 [Worker-120: Launching mavenrun-6ddb70d5-db22-40d1-aad3-a81d5c4b6a8f] INFO  o.eclipse.m2e.core.internal.Bundles - 	Entry: C:\Users\ict03_013\.p2\pool\plugins\org.eclipse.m2e.maven.runtime_3.9.500.20231113-2345\jars\httpclient-4.5.14.jar
2024-08-19 14:42:19,765 [Worker-120: Launching mavenrun-6ddb70d5-db22-40d1-aad3-a81d5c4b6a8f] INFO  o.eclipse.m2e.core.internal.Bundles - 	Entry: C:\Users\ict03_013\.p2\pool\plugins\org.eclipse.m2e.maven.runtime_3.9.500.20231113-2345\jars\httpcore-4.4.16.jar
2024-08-19 14:42:19,765 [Worker-120: Launching mavenrun-6ddb70d5-db22-40d1-aad3-a81d5c4b6a8f] INFO  o.eclipse.m2e.core.internal.Bundles - 	Entry: C:\Users\ict03_013\.p2\pool\plugins\org.eclipse.m2e.maven.runtime_3.9.500.20231113-2345\jars\jansi-2.4.0.jar
2024-08-19 14:42:19,765 [Worker-120: Launching mavenrun-6ddb70d5-db22-40d1-aad3-a81d5c4b6a8f] INFO  o.eclipse.m2e.core.internal.Bundles - 	Entry: C:\Users\ict03_013\.p2\pool\plugins\org.eclipse.m2e.maven.runtime_3.9.500.20231113-2345\jars\jcl-over-slf4j-1.7.36.jar
2024-08-19 14:42:19,766 [Worker-120: Launching mavenrun-6ddb70d5-db22-40d1-aad3-a81d5c4b6a8f] INFO  o.eclipse.m2e.core.internal.Bundles - 	Entry: C:\Users\ict03_013\.p2\pool\plugins\org.eclipse.m2e.maven.runtime_3.9.500.20231113-2345\jars\maven-artifact-3.9.5.jar
2024-08-19 14:42:19,766 [Worker-120: Launching mavenrun-6ddb70d5-db22-40d1-aad3-a81d5c4b6a8f] INFO  o.eclipse.m2e.core.internal.Bundles - 	Entry: C:\Users\ict03_013\.p2\pool\plugins\org.eclipse.m2e.maven.runtime_3.9.500.20231113-2345\jars\maven-builder-support-3.9.5.jar
2024-08-19 14:42:19,766 [Worker-120: Launching mavenrun-6ddb70d5-db22-40d1-aad3-a81d5c4b6a8f] INFO  o.eclipse.m2e.core.internal.Bundles - 	Entry: C:\Users\ict03_013\.p2\pool\plugins\org.eclipse.m2e.maven.runtime_3.9.500.20231113-2345\jars\maven-compat-3.9.5.jar
2024-08-19 14:42:19,766 [Worker-120: Launching mavenrun-6ddb70d5-db22-40d1-aad3-a81d5c4b6a8f] INFO  o.eclipse.m2e.core.internal.Bundles - 	Entry: C:\Users\ict03_013\.p2\pool\plugins\org.eclipse.m2e.maven.runtime_3.9.500.20231113-2345\jars\maven-core-3.9.5.jar
2024-08-19 14:42:19,766 [Worker-120: Launching mavenrun-6ddb70d5-db22-40d1-aad3-a81d5c4b6a8f] INFO  o.eclipse.m2e.core.internal.Bundles - 	Entry: C:\Users\ict03_013\.p2\pool\plugins\org.eclipse.m2e.maven.runtime_3.9.500.20231113-2345\jars\maven-embedder-3.9.5.jar
2024-08-19 14:42:19,766 [Worker-120: Launching mavenrun-6ddb70d5-db22-40d1-aad3-a81d5c4b6a8f] INFO  o.eclipse.m2e.core.internal.Bundles - 	Entry: C:\Users\ict03_013\.p2\pool\plugins\org.eclipse.m2e.maven.runtime_3.9.500.20231113-2345\jars\maven-model-3.9.5.jar
2024-08-19 14:42:19,766 [Worker-120: Launching mavenrun-6ddb70d5-db22-40d1-aad3-a81d5c4b6a8f] INFO  o.eclipse.m2e.core.internal.Bundles - 	Entry: C:\Users\ict03_013\.p2\pool\plugins\org.eclipse.m2e.maven.runtime_3.9.500.20231113-2345\jars\maven-model-builder-3.9.5.jar
2024-08-19 14:42:19,766 [Worker-120: Launching mavenrun-6ddb70d5-db22-40d1-aad3-a81d5c4b6a8f] INFO  o.eclipse.m2e.core.internal.Bundles - 	Entry: C:\Users\ict03_013\.p2\pool\plugins\org.eclipse.m2e.maven.runtime_3.9.500.20231113-2345\jars\maven-plugin-api-3.9.5.jar
2024-08-19 14:42:19,766 [Worker-120: Launching mavenrun-6ddb70d5-db22-40d1-aad3-a81d5c4b6a8f] INFO  o.eclipse.m2e.core.internal.Bundles - 	Entry: C:\Users\ict03_013\.p2\pool\plugins\org.eclipse.m2e.maven.runtime_3.9.500.20231113-2345\jars\maven-repository-metadata-3.9.5.jar
2024-08-19 14:42:19,766 [Worker-120: Launching mavenrun-6ddb70d5-db22-40d1-aad3-a81d5c4b6a8f] INFO  o.eclipse.m2e.core.internal.Bundles - 	Entry: C:\Users\ict03_013\.p2\pool\plugins\org.eclipse.m2e.maven.runtime_3.9.500.20231113-2345\jars\maven-resolver-api-1.9.16.jar
2024-08-19 14:42:19,766 [Worker-120: Launching mavenrun-6ddb70d5-db22-40d1-aad3-a81d5c4b6a8f] INFO  o.eclipse.m2e.core.internal.Bundles - 	Entry: C:\Users\ict03_013\.p2\pool\plugins\org.eclipse.m2e.maven.runtime_3.9.500.20231113-2345\jars\maven-resolver-connector-basic-1.9.16.jar
2024-08-19 14:42:19,766 [Worker-120: Launching mavenrun-6ddb70d5-db22-40d1-aad3-a81d5c4b6a8f] INFO  o.eclipse.m2e.core.internal.Bundles - 	Entry: C:\Users\ict03_013\.p2\pool\plugins\org.eclipse.m2e.maven.runtime_3.9.500.20231113-2345\jars\maven-resolver-impl-1.9.16.jar
2024-08-19 14:42:19,767 [Worker-120: Launching mavenrun-6ddb70d5-db22-40d1-aad3-a81d5c4b6a8f] INFO  o.eclipse.m2e.core.internal.Bundles - 	Entry: C:\Users\ict03_013\.p2\pool\plugins\org.eclipse.m2e.maven.runtime_3.9.500.20231113-2345\jars\maven-resolver-named-locks-1.9.16.jar
2024-08-19 14:42:19,767 [Worker-120: Launching mavenrun-6ddb70d5-db22-40d1-aad3-a81d5c4b6a8f] INFO  o.eclipse.m2e.core.internal.Bundles - 	Entry: C:\Users\ict03_013\.p2\pool\plugins\org.eclipse.m2e.maven.runtime_3.9.500.20231113-2345\jars\maven-resolver-provider-3.9.5.jar
2024-08-19 14:42:19,767 [Worker-120: Launching mavenrun-6ddb70d5-db22-40d1-aad3-a81d5c4b6a8f] INFO  o.eclipse.m2e.core.internal.Bundles - 	Entry: C:\Users\ict03_013\.p2\pool\plugins\org.eclipse.m2e.maven.runtime_3.9.500.20231113-2345\jars\maven-resolver-spi-1.9.16.jar
2024-08-19 14:42:19,767 [Worker-120: Launching mavenrun-6ddb70d5-db22-40d1-aad3-a81d5c4b6a8f] INFO  o.eclipse.m2e.core.internal.Bundles - 	Entry: C:\Users\ict03_013\.p2\pool\plugins\org.eclipse.m2e.maven.runtime_3.9.500.20231113-2345\jars\maven-resolver-transport-file-1.9.16.jar
2024-08-19 14:42:19,767 [Worker-120: Launching mavenrun-6ddb70d5-db22-40d1-aad3-a81d5c4b6a8f] INFO  o.eclipse.m2e.core.internal.Bundles - 	Entry: C:\Users\ict03_013\.p2\pool\plugins\org.eclipse.m2e.maven.runtime_3.9.500.20231113-2345\jars\maven-resolver-transport-http-1.9.16.jar
2024-08-19 14:42:19,767 [Worker-120: Launching mavenrun-6ddb70d5-db22-40d1-aad3-a81d5c4b6a8f] INFO  o.eclipse.m2e.core.internal.Bundles - 	Entry: C:\Users\ict03_013\.p2\pool\plugins\org.eclipse.m2e.maven.runtime_3.9.500.20231113-2345\jars\maven-resolver-transport-wagon-1.9.16.jar
2024-08-19 14:42:19,767 [Worker-120: Launching mavenrun-6ddb70d5-db22-40d1-aad3-a81d5c4b6a8f] INFO  o.eclipse.m2e.core.internal.Bundles - 	Entry: C:\Users\ict03_013\.p2\pool\plugins\org.eclipse.m2e.maven.runtime_3.9.500.20231113-2345\jars\maven-resolver-util-1.9.16.jar
2024-08-19 14:42:19,767 [Worker-120: Launching mavenrun-6ddb70d5-db22-40d1-aad3-a81d5c4b6a8f] INFO  o.eclipse.m2e.core.internal.Bundles - 	Entry: C:\Users\ict03_013\.p2\pool\plugins\org.eclipse.m2e.maven.runtime_3.9.500.20231113-2345\jars\maven-settings-3.9.5.jar
2024-08-19 14:42:19,767 [Worker-120: Launching mavenrun-6ddb70d5-db22-40d1-aad3-a81d5c4b6a8f] INFO  o.eclipse.m2e.core.internal.Bundles - 	Entry: C:\Users\ict03_013\.p2\pool\plugins\org.eclipse.m2e.maven.runtime_3.9.500.20231113-2345\jars\maven-settings-builder-3.9.5.jar
2024-08-19 14:42:19,767 [Worker-120: Launching mavenrun-6ddb70d5-db22-40d1-aad3-a81d5c4b6a8f] INFO  o.eclipse.m2e.core.internal.Bundles - 	Entry: C:\Users\ict03_013\.p2\pool\plugins\org.eclipse.m2e.maven.runtime_3.9.500.20231113-2345\jars\maven-shared-utils-3.3.4.jar
2024-08-19 14:42:19,767 [Worker-120: Launching mavenrun-6ddb70d5-db22-40d1-aad3-a81d5c4b6a8f] INFO  o.eclipse.m2e.core.internal.Bundles - 	Entry: C:\Users\ict03_013\.p2\pool\plugins\org.eclipse.m2e.maven.runtime_3.9.500.20231113-2345\jars\org.eclipse.sisu.inject-0.3.5.jar
2024-08-19 14:42:19,768 [Worker-120: Launching mavenrun-6ddb70d5-db22-40d1-aad3-a81d5c4b6a8f] INFO  o.eclipse.m2e.core.internal.Bundles - 	Entry: C:\Users\ict03_013\.p2\pool\plugins\org.eclipse.m2e.maven.runtime_3.9.500.20231113-2345\jars\org.eclipse.sisu.plexus-0.3.5.jar
2024-08-19 14:42:19,768 [Worker-120: Launching mavenrun-6ddb70d5-db22-40d1-aad3-a81d5c4b6a8f] INFO  o.eclipse.m2e.core.internal.Bundles - 	Entry: C:\Users\ict03_013\.p2\pool\plugins\org.eclipse.m2e.maven.runtime_3.9.500.20231113-2345\jars\plexus-build-api-0.0.7.jar
2024-08-19 14:42:19,768 [Worker-120: Launching mavenrun-6ddb70d5-db22-40d1-aad3-a81d5c4b6a8f] INFO  o.eclipse.m2e.core.internal.Bundles - 	Entry: C:\Users\ict03_013\.p2\pool\plugins\org.eclipse.m2e.maven.runtime_3.9.500.20231113-2345\jars\plexus-cipher-2.0.jar
2024-08-19 14:42:19,768 [Worker-120: Launching mavenrun-6ddb70d5-db22-40d1-aad3-a81d5c4b6a8f] INFO  o.eclipse.m2e.core.internal.Bundles - 	Entry: C:\Users\ict03_013\.p2\pool\plugins\org.eclipse.m2e.maven.runtime_3.9.500.20231113-2345\jars\plexus-classworlds-2.7.0.jar
2024-08-19 14:42:19,768 [Worker-120: Launching mavenrun-6ddb70d5-db22-40d1-aad3-a81d5c4b6a8f] INFO  o.eclipse.m2e.core.internal.Bundles - 	Entry: C:\Users\ict03_013\.p2\pool\plugins\org.eclipse.m2e.maven.runtime_3.9.500.20231113-2345\jars\plexus-component-annotations-2.1.0.jar
2024-08-19 14:42:19,768 [Worker-120: Launching mavenrun-6ddb70d5-db22-40d1-aad3-a81d5c4b6a8f] INFO  o.eclipse.m2e.core.internal.Bundles - 	Entry: C:\Users\ict03_013\.p2\pool\plugins\org.eclipse.m2e.maven.runtime_3.9.500.20231113-2345\jars\plexus-interpolation-1.26.jar
2024-08-19 14:42:19,768 [Worker-120: Launching mavenrun-6ddb70d5-db22-40d1-aad3-a81d5c4b6a8f] INFO  o.eclipse.m2e.core.internal.Bundles - 	Entry: C:\Users\ict03_013\.p2\pool\plugins\org.eclipse.m2e.maven.runtime_3.9.500.20231113-2345\jars\plexus-sec-dispatcher-2.0.jar
2024-08-19 14:42:19,768 [Worker-120: Launching mavenrun-6ddb70d5-db22-40d1-aad3-a81d5c4b6a8f] INFO  o.eclipse.m2e.core.internal.Bundles - 	Entry: C:\Users\ict03_013\.p2\pool\plugins\org.eclipse.m2e.maven.runtime_3.9.500.20231113-2345\jars\plexus-utils-3.5.1.jar
2024-08-19 14:42:19,768 [Worker-120: Launching mavenrun-6ddb70d5-db22-40d1-aad3-a81d5c4b6a8f] INFO  o.eclipse.m2e.core.internal.Bundles - 	Entry: C:\Users\ict03_013\.p2\pool\plugins\org.eclipse.m2e.maven.runtime_3.9.500.20231113-2345\jars\wagon-file-3.5.3.jar
2024-08-19 14:42:19,768 [Worker-120: Launching mavenrun-6ddb70d5-db22-40d1-aad3-a81d5c4b6a8f] INFO  o.eclipse.m2e.core.internal.Bundles - 	Entry: C:\Users\ict03_013\.p2\pool\plugins\org.eclipse.m2e.maven.runtime_3.9.500.20231113-2345\jars\wagon-http-3.5.3.jar
2024-08-19 14:42:19,768 [Worker-120: Launching mavenrun-6ddb70d5-db22-40d1-aad3-a81d5c4b6a8f] INFO  o.eclipse.m2e.core.internal.Bundles - 	Entry: C:\Users\ict03_013\.p2\pool\plugins\org.eclipse.m2e.maven.runtime_3.9.500.20231113-2345\jars\wagon-http-shared-3.5.3.jar
2024-08-19 14:42:19,768 [Worker-120: Launching mavenrun-6ddb70d5-db22-40d1-aad3-a81d5c4b6a8f] INFO  o.eclipse.m2e.core.internal.Bundles - 	Entry: C:\Users\ict03_013\.p2\pool\plugins\org.eclipse.m2e.maven.runtime_3.9.500.20231113-2345\jars\wagon-provider-api-3.5.3.jar
2024-08-19 14:42:19,769 [Worker-120: Launching mavenrun-6ddb70d5-db22-40d1-aad3-a81d5c4b6a8f] INFO  o.eclipse.m2e.core.internal.Bundles - getClasspathEntries(Bundle=com.google.guava_32.1.3.jre [12])
2024-08-19 14:42:19,769 [Worker-120: Launching mavenrun-6ddb70d5-db22-40d1-aad3-a81d5c4b6a8f] INFO  o.eclipse.m2e.core.internal.Bundles - 	Entry: C:\Users\ict03_013\.p2\pool\plugins\com.google.guava_32.1.3.jre.jar
2024-08-19 14:42:19,769 [Worker-120: Launching mavenrun-6ddb70d5-db22-40d1-aad3-a81d5c4b6a8f] INFO  o.eclipse.m2e.core.internal.Bundles - getClasspathEntries(Bundle=slf4j.api_2.0.12 [988])
2024-08-19 14:42:19,770 [Worker-120: Launching mavenrun-6ddb70d5-db22-40d1-aad3-a81d5c4b6a8f] INFO  o.eclipse.m2e.core.internal.Bundles - 	Entry: C:\Users\ict03_013\.p2\pool\plugins\slf4j.api_2.0.12.jar
2024-08-19 14:42:19,770 [Worker-120: Launching mavenrun-6ddb70d5-db22-40d1-aad3-a81d5c4b6a8f] INFO  o.eclipse.m2e.core.internal.Bundles - getClasspathEntries(Bundle=jakarta.inject.jakarta.inject-api_1.0.5 [29])
2024-08-19 14:42:19,770 [Worker-120: Launching mavenrun-6ddb70d5-db22-40d1-aad3-a81d5c4b6a8f] INFO  o.eclipse.m2e.core.internal.Bundles - 	Entry: C:\Users\ict03_013\.p2\pool\plugins\jakarta.inject.jakarta.inject-api_1.0.5.jar
2024-08-19 14:42:19,770 [Worker-120: Launching mavenrun-6ddb70d5-db22-40d1-aad3-a81d5c4b6a8f] INFO  o.eclipse.m2e.core.internal.Bundles - getClasspathEntries(Bundle=jakarta.annotation-api_1.3.5 [24])
2024-08-19 14:42:19,770 [Worker-120: Launching mavenrun-6ddb70d5-db22-40d1-aad3-a81d5c4b6a8f] INFO  o.eclipse.m2e.core.internal.Bundles - 	Entry: C:\Users\ict03_013\.p2\pool\plugins\jakarta.annotation-api_1.3.5.jar
2024-08-19 14:42:19,770 [Worker-120: Launching mavenrun-6ddb70d5-db22-40d1-aad3-a81d5c4b6a8f] INFO  o.eclipse.m2e.core.internal.Bundles - getClasspathEntries(Bundle=org.apache.commons.cli_1.6.0 [71])
2024-08-19 14:42:19,770 [Worker-120: Launching mavenrun-6ddb70d5-db22-40d1-aad3-a81d5c4b6a8f] INFO  o.eclipse.m2e.core.internal.Bundles - 	Entry: C:\Users\ict03_013\.p2\pool\plugins\org.apache.commons.cli_1.6.0.jar
2024-08-19 14:42:19,770 [Worker-120: Launching mavenrun-6ddb70d5-db22-40d1-aad3-a81d5c4b6a8f] INFO  o.eclipse.m2e.core.internal.Bundles - getClasspathEntries(Bundle=org.apache.commons.commons-codec_1.16.0 [75])
2024-08-19 14:42:19,770 [Worker-120: Launching mavenrun-6ddb70d5-db22-40d1-aad3-a81d5c4b6a8f] INFO  o.eclipse.m2e.core.internal.Bundles - 	Entry: C:\Users\ict03_013\.p2\pool\plugins\org.apache.commons.commons-codec_1.16.0.jar
2024-08-19 14:42:19,770 [Worker-120: Launching mavenrun-6ddb70d5-db22-40d1-aad3-a81d5c4b6a8f] INFO  o.eclipse.m2e.core.internal.Bundles - getClasspathEntries(Bundle=org.apache.commons.lang3_3.13.0 [82])
2024-08-19 14:42:19,770 [Worker-120: Launching mavenrun-6ddb70d5-db22-40d1-aad3-a81d5c4b6a8f] INFO  o.eclipse.m2e.core.internal.Bundles - 	Entry: C:\Users\ict03_013\.p2\pool\plugins\org.apache.commons.lang3_3.13.0.jar
2024-08-19 14:42:19,770 [Worker-120: Launching mavenrun-6ddb70d5-db22-40d1-aad3-a81d5c4b6a8f] INFO  o.eclipse.m2e.core.internal.Bundles - getClasspathEntries(Bundle=com.google.guava.failureaccess_1.0.2 [13])
2024-08-19 14:42:19,771 [Worker-120: Launching mavenrun-6ddb70d5-db22-40d1-aad3-a81d5c4b6a8f] INFO  o.eclipse.m2e.core.internal.Bundles - 	Entry: C:\Users\ict03_013\.p2\pool\plugins\com.google.guava.failureaccess_1.0.2.jar
2024-08-19 14:42:19,774 [Worker-120: Launching mavenrun-6ddb70d5-db22-40d1-aad3-a81d5c4b6a8f] INFO  o.e.m.i.launch.MavenLaunchDelegate - Run build in "C:\Users\ICT03_~1\AppData\Local\Temp\m2e-archetypeGenerator13552940220750409134":
2024-08-19 14:42:19,776 [Worker-120: Launching mavenrun-6ddb70d5-db22-40d1-aad3-a81d5c4b6a8f] INFO  o.e.m.i.launch.MavenLaunchDelegate -  mvn  -DarchetypeGroupId=org.apache.maven.archetypes -DarchetypeArtifactId=maven-archetype-webapp -DarchetypeVersion=1.0 -DgroupId=com.test -DartifactId=web -Dversion=0.0.1-SNAPSHOT -Dpackage=com.test.web -DoutputDirectory=D:\work\javaworks\bepo -Dstyle.color=always -U archetype:generate
2024-08-19 14:42:39,719 [Worker-128: Creating maven-archetype-webapp] INFO  o.e.m.c.i.p.ProjectConfigurationManager - Collecting project info '/pom.xml' D:\work\javaworks\bepo\web\pom.xml
2024-08-19 14:42:40,374 [Worker-128: Creating maven-archetype-webapp] INFO  o.e.m.c.i.l.LifecycleMappingFactory - Using org.maven.ide.eclipse.wtp.WarLifecycleMapping lifecycle mapping for MavenProject: com.test:web:0.0.1-SNAPSHOT @ D:\work\javaworks\bepo\web\pom.xml.
2024-08-19 14:42:41,138 [Worker-128: Creating maven-archetype-webapp] INFO  o.e.m.j.i.AbstractJavaProjectConfigurator - Adding source folder /web/src/main/java
2024-08-19 14:42:41,138 [Worker-128: Creating maven-archetype-webapp] INFO  o.e.m.j.i.AbstractJavaProjectConfigurator - Adding resource folder /web/src/main/resources
2024-08-19 14:42:41,138 [Worker-128: Creating maven-archetype-webapp] INFO  o.e.m.j.i.AbstractJavaProjectConfigurator - Adding source folder /web/src/test/java
2024-08-19 14:42:41,138 [Worker-128: Creating maven-archetype-webapp] INFO  o.e.m.j.i.AbstractJavaProjectConfigurator - Adding resource folder /web/src/test/resources
2024-08-19 14:42:41,907 [Worker-128: Creating maven-archetype-webapp] INFO  o.e.m.c.i.p.ProjectConfigurationManager - Imported and configured 1 project(s) in 2 sec
2024-08-19 14:42:42,132 [Worker-142: Download sources and javadoc] INFO  o.e.m.c.i.e.AbstractTransferListenerAdapter - Downloading https://repo.maven.apache.org/maven2/junit/junit/3.8.1/junit-3.8.1-sources.jar
2024-08-19 14:42:42,138 [Worker-142: Download sources and javadoc] INFO  o.e.m.c.i.e.AbstractTransferListenerAdapter - Downloaded https://repo.maven.apache.org/maven2/junit/junit/3.8.1/junit-3.8.1-sources.jar
2024-08-19 14:42:42,143 [Worker-142: Download sources and javadoc] INFO  o.e.m.j.internal.DownloadSourcesJob - Downloaded sources for junit:junit:3.8.1
2024-08-19 14:42:42,682 [Worker-137: Building] WARN  o.a.m.s.f.DefaultMavenResourcesFiltering - Using platform encoding (MS949 actually) to copy filtered resources, i.e. build is platform dependent!
2024-08-19 14:42:42,690 [Worker-137: Building] INFO  o.a.m.s.f.DefaultMavenResourcesFiltering - Copying 0 resource from src\main\resources to target\classes
2024-08-19 14:42:42,693 [Worker-137: Building] WARN  o.a.m.s.f.DefaultMavenResourcesFiltering - Using platform encoding (MS949 actually) to copy filtered resources, i.e. build is platform dependent!
2024-08-19 14:42:42,694 [Worker-137: Building] INFO  o.a.m.s.f.DefaultMavenResourcesFiltering - skip non existing resourceDirectory D:\work\javaworks\bepo\web\src\test\resources
2024-08-19 14:44:11,531 [Worker-142: Building] WARN  o.a.m.s.f.DefaultMavenResourcesFiltering - Using platform encoding (MS949 actually) to copy filtered resources, i.e. build is platform dependent!
2024-08-19 14:44:11,533 [Worker-142: Building] INFO  o.a.m.s.f.DefaultMavenResourcesFiltering - Copying 0 resource from src\main\resources to target\classes
2024-08-19 14:44:11,534 [Worker-142: Building] WARN  o.a.m.s.f.DefaultMavenResourcesFiltering - Using platform encoding (MS949 actually) to copy filtered resources, i.e. build is platform dependent!
2024-08-19 14:44:11,534 [Worker-142: Building] INFO  o.a.m.s.f.DefaultMavenResourcesFiltering - skip non existing resourceDirectory D:\work\javaworks\bepo\web\src\test\resources
